<?xml version="1.0" encoding="UTF-8"?>
<!-- Generated by org.testng.reporters.JUnitReportReporter -->
<testsuite skipped="0" hostname="Monica" name="com.qa.hubspot.test.HomePageTest" tests="3" failures="0" timestamp="2020-05-27T14:03:04 PDT" time="9.688" errors="0">
  <testcase name="verifyHomePageHeaderTest" time="9.585" classname="com.qa.hubspot.test.HomePageTest"/>
  <testcase name="verifyGetLoggedInUserTest" time="0.087" classname="com.qa.hubspot.test.HomePageTest"/>
  <testcase name="verifyHomePageTitle" time="0.016" classname="com.qa.hubspot.test.HomePageTest"/>
</testsuite> <!-- com.qa.hubspot.test.HomePageTest -->
