<?xml version="1.0" encoding="UTF-8"?>
<!-- Generated by org.testng.reporters.JUnitReportReporter -->
<testsuite skipped="0" hostname="Monica" name="com.qa.hubspot.test.HomePageTest" tests="3" failures="0" timestamp="2020-05-26T15:23:24 PDT" time="4.111" errors="0">
  <testcase name="verifyHomePageHeaderTest" time="4.047" classname="com.qa.hubspot.test.HomePageTest"/>
  <testcase name="verifyGetLoggedInUserTest" time="0.055" classname="com.qa.hubspot.test.HomePageTest"/>
  <testcase name="verifyHomePageTitle" time="0.009" classname="com.qa.hubspot.test.HomePageTest"/>
</testsuite> <!-- com.qa.hubspot.test.HomePageTest -->
