<?xml version="1.0" encoding="UTF-8"?>
<!-- Generated by org.testng.reporters.JUnitReportReporter -->
<testsuite skipped="0" hostname="Monica" name="com.qa.hubspot.test.LoginPageTest" tests="3" failures="0" timestamp="2020-05-26T15:13:41 PDT" time="6.048" errors="0">
  <testcase name="verifySignUpLinkTest" time="4.901" classname="com.qa.hubspot.test.LoginPageTest"/>
  <testcase name="verifyLoginPageTitle" time="0.020" classname="com.qa.hubspot.test.LoginPageTest"/>
  <testcase name="verifydoLoginTest" time="1.127" classname="com.qa.hubspot.test.LoginPageTest"/>
</testsuite> <!-- com.qa.hubspot.test.LoginPageTest -->
